<?xml version="1.0" encoding="UTF-8"?>
<testsuite name="com.webdev.tourapp.Tours.Tour.Application.Create.TourCreatorTest" tests="4" skipped="0" failures="0" errors="0" timestamp="2021-10-15T14:58:21" hostname="Castri-Air.local" time="0.517">
  <properties/>
  <testcase name="should_not_create_tour_not_valid_uuid()" classname="com.webdev.tourapp.Tours.Tour.Application.Create.TourCreatorTest" time="0.476"/>
  <testcase name="should_not_create_tour_name_not_valid()" classname="com.webdev.tourapp.Tours.Tour.Application.Create.TourCreatorTest" time="0.007"/>
  <testcase name="should_create_tour()" classname="com.webdev.tourapp.Tours.Tour.Application.Create.TourCreatorTest" time="0.009"/>
  <testcase name="should_not_create_tour_negative_price_not_valid()" classname="com.webdev.tourapp.Tours.Tour.Application.Create.TourCreatorTest" time="0.019"/>
  <system-out><![CDATA[09:58:17.591 [Test worker] DEBUG org.springframework.test.context.BootstrapUtils - Instantiating CacheAwareContextLoaderDelegate from class [org.springframework.test.context.cache.DefaultCacheAwareContextLoaderDelegate]
09:58:17.606 [Test worker] DEBUG org.springframework.test.context.BootstrapUtils - Instantiating BootstrapContext using constructor [public org.springframework.test.context.support.DefaultBootstrapContext(java.lang.Class,org.springframework.test.context.CacheAwareContextLoaderDelegate)]
09:58:17.658 [Test worker] DEBUG org.springframework.test.context.BootstrapUtils - Instantiating TestContextBootstrapper for test class [com.webdev.tourapp.Tours.Tour.Application.Create.TourCreatorTest] from class [org.springframework.boot.test.context.SpringBootTestContextBootstrapper]
09:58:17.675 [Test worker] INFO org.springframework.boot.test.context.SpringBootTestContextBootstrapper - Neither @ContextConfiguration nor @ContextHierarchy found for test class [com.webdev.tourapp.Tours.Tour.Application.Create.TourCreatorTest], using SpringBootContextLoader
09:58:17.679 [Test worker] DEBUG org.springframework.test.context.support.AbstractContextLoader - Did not detect default resource location for test class [com.webdev.tourapp.Tours.Tour.Application.Create.TourCreatorTest]: class path resource [com/webdev/tourapp/Tours/Tour/Application/Create/TourCreatorTest-context.xml] does not exist
09:58:17.680 [Test worker] DEBUG org.springframework.test.context.support.AbstractContextLoader - Did not detect default resource location for test class [com.webdev.tourapp.Tours.Tour.Application.Create.TourCreatorTest]: class path resource [com/webdev/tourapp/Tours/Tour/Application/Create/TourCreatorTestContext.groovy] does not exist
09:58:17.680 [Test worker] INFO org.springframework.test.context.support.AbstractContextLoader - Could not detect default resource locations for test class [com.webdev.tourapp.Tours.Tour.Application.Create.TourCreatorTest]: no resource found for suffixes {-context.xml, Context.groovy}.
09:58:17.681 [Test worker] INFO org.springframework.test.context.support.AnnotationConfigContextLoaderUtils - Could not detect default configuration classes for test class [com.webdev.tourapp.Tours.Tour.Application.Create.TourCreatorTest]: TourCreatorTest does not declare any static, non-private, non-final, nested classes annotated with @Configuration.
09:58:17.747 [Test worker] DEBUG org.springframework.test.context.support.ActiveProfilesUtils - Could not find an 'annotation declaring class' for annotation type [org.springframework.test.context.ActiveProfiles] and class [com.webdev.tourapp.Tours.Tour.Application.Create.TourCreatorTest]
09:58:17.824 [Test worker] DEBUG org.springframework.context.annotation.ClassPathScanningCandidateComponentProvider - Identified candidate component class: file [/Users/cristobalcastrilonbalcazar/TourWebApp/build/classes/java/main/com/webdev/tourapp/TourappApplication.class]
09:58:17.825 [Test worker] INFO org.springframework.boot.test.context.SpringBootTestContextBootstrapper - Found @SpringBootConfiguration com.webdev.tourapp.TourappApplication for test class com.webdev.tourapp.Tours.Tour.Application.Create.TourCreatorTest
09:58:17.915 [Test worker] DEBUG org.springframework.boot.test.context.SpringBootTestContextBootstrapper - @TestExecutionListeners is not present for class [com.webdev.tourapp.Tours.Tour.Application.Create.TourCreatorTest]: using defaults.
09:58:17.916 [Test worker] INFO org.springframework.boot.test.context.SpringBootTestContextBootstrapper - Loaded default TestExecutionListener class names from location [META-INF/spring.factories]: [org.springframework.boot.test.autoconfigure.restdocs.RestDocsTestExecutionListener, org.springframework.boot.test.autoconfigure.web.client.MockRestServiceServerResetTestExecutionListener, org.springframework.boot.test.autoconfigure.web.servlet.MockMvcPrintOnlyOnFailureTestExecutionListener, org.springframework.boot.test.autoconfigure.web.servlet.WebDriverTestExecutionListener, org.springframework.boot.test.autoconfigure.webservices.client.MockWebServiceServerTestExecutionListener, org.springframework.boot.test.mock.mockito.MockitoTestExecutionListener, org.springframework.boot.test.mock.mockito.ResetMocksTestExecutionListener, org.springframework.test.context.web.ServletTestExecutionListener, org.springframework.test.context.support.DirtiesContextBeforeModesTestExecutionListener, org.springframework.test.context.event.ApplicationEventsTestExecutionListener, org.springframework.test.context.support.DependencyInjectionTestExecutionListener, org.springframework.test.context.support.DirtiesContextTestExecutionListener, org.springframework.test.context.transaction.TransactionalTestExecutionListener, org.springframework.test.context.jdbc.SqlScriptsTestExecutionListener, org.springframework.test.context.event.EventPublishingTestExecutionListener]
09:58:17.926 [Test worker] DEBUG org.springframework.boot.test.context.SpringBootTestContextBootstrapper - Skipping candidate TestExecutionListener [org.springframework.test.context.transaction.TransactionalTestExecutionListener] due to a missing dependency. Specify custom listener classes or make the default listener classes and their required dependencies available. Offending class: [org/springframework/transaction/interceptor/TransactionAttributeSource]
09:58:17.927 [Test worker] DEBUG org.springframework.boot.test.context.SpringBootTestContextBootstrapper - Skipping candidate TestExecutionListener [org.springframework.test.context.jdbc.SqlScriptsTestExecutionListener] due to a missing dependency. Specify custom listener classes or make the default listener classes and their required dependencies available. Offending class: [org/springframework/transaction/interceptor/TransactionAttribute]
09:58:17.928 [Test worker] INFO org.springframework.boot.test.context.SpringBootTestContextBootstrapper - Using TestExecutionListeners: [org.springframework.test.context.web.ServletTestExecutionListener@5edbc436, org.springframework.test.context.support.DirtiesContextBeforeModesTestExecutionListener@992b450, org.springframework.test.context.event.ApplicationEventsTestExecutionListener@485fccb5, org.springframework.boot.test.mock.mockito.MockitoTestExecutionListener@6e1870ba, org.springframework.boot.test.autoconfigure.SpringBootDependencyInjectionTestExecutionListener@6e62f33b, org.springframework.test.context.support.DirtiesContextTestExecutionListener@72ceea93, org.springframework.test.context.event.EventPublishingTestExecutionListener@44c2ba1b, org.springframework.boot.test.autoconfigure.restdocs.RestDocsTestExecutionListener@69f28f99, org.springframework.boot.test.autoconfigure.web.client.MockRestServiceServerResetTestExecutionListener@10f042b7, org.springframework.boot.test.autoconfigure.web.servlet.MockMvcPrintOnlyOnFailureTestExecutionListener@156fa848, org.springframework.boot.test.autoconfigure.web.servlet.WebDriverTestExecutionListener@442cda9c, org.springframework.boot.test.autoconfigure.webservices.client.MockWebServiceServerTestExecutionListener@39df1bc7, org.springframework.boot.test.mock.mockito.ResetMocksTestExecutionListener@2ba803b1]
09:58:17.931 [Test worker] DEBUG org.springframework.test.context.support.AbstractDirtiesContextTestExecutionListener - Before test class: context [DefaultTestContext@41731f93 testClass = TourCreatorTest, testInstance = [null], testMethod = [null], testException = [null], mergedContextConfiguration = [WebMergedContextConfiguration@35ef11f0 testClass = TourCreatorTest, locations = '{}', classes = '{class com.webdev.tourapp.TourappApplication}', contextInitializerClasses = '[]', activeProfiles = '{}', propertySourceLocations = '{}', propertySourceProperties = '{org.springframework.boot.test.context.SpringBootTestContextBootstrapper=true}', contextCustomizers = set[org.springframework.boot.test.autoconfigure.actuate.metrics.MetricsExportContextCustomizerFactory$DisableMetricExportContextCustomizer@db68616, org.springframework.boot.test.autoconfigure.properties.PropertyMappingContextCustomizer@0, org.springframework.boot.test.autoconfigure.web.servlet.WebDriverContextCustomizerFactory$Customizer@1862bc55, org.springframework.boot.test.context.filter.ExcludeFilterContextCustomizer@73ea8051, org.springframework.boot.test.json.DuplicateJsonObjectContextCustomizerFactory$DuplicateJsonObjectContextCustomizer@702f6c9e, org.springframework.boot.test.mock.mockito.MockitoContextCustomizer@0, org.springframework.boot.test.web.client.TestRestTemplateContextCustomizer@70d01e8e, org.springframework.boot.test.context.SpringBootTestArgs@1, org.springframework.boot.test.context.SpringBootTestWebEnvironment@6a52cc67], resourceBasePath = 'src/main/webapp', contextLoader = 'org.springframework.boot.test.context.SpringBootContextLoader', parent = [null]], attributes = map['org.springframework.test.context.web.ServletTestExecutionListener.activateListener' -> true]], class annotated with @DirtiesContext [false] with mode [null].
09:58:17.995 [Test worker] DEBUG org.springframework.test.context.support.TestPropertySourceUtils - Adding inlined properties to environment: {spring.jmx.enabled=false, org.springframework.boot.test.context.SpringBootTestContextBootstrapper=true}

  .   ____          _            __ _ _
 /\\ / ___'_ __ _ _(_)_ __  __ _ \ \ \ \
( ( )\___ | '_ | '_| | '_ \/ _` | \ \ \ \
 \\/  ___)| |_)| | | | | || (_| |  ) ) ) )
  '  |____| .__|_| |_|_| |_\__, | / / / /
 =========|_|==============|___/=/_/_/_/
 :: Spring Boot ::                (v2.5.4)

2021-10-15 09:58:18.659  INFO 1214 --- [    Test worker] c.w.t.T.T.A.Create.TourCreatorTest       : Starting TourCreatorTest using Java 16.0.1 on Castri-Air.local with PID 1214 (started by cristobalcastrilonbalcazar in /Users/cristobalcastrilonbalcazar/TourWebApp)
2021-10-15 09:58:18.665  INFO 1214 --- [    Test worker] c.w.t.T.T.A.Create.TourCreatorTest       : No active profile set, falling back to default profiles: default
2021-10-15 09:58:21.126  INFO 1214 --- [    Test worker] c.w.t.T.T.A.Create.TourCreatorTest       : Started TourCreatorTest in 3.124 seconds (JVM running for 4.534)
]]></system-out>
  <system-err><![CDATA[]]></system-err>
</testsuite>
