<?xml version="1.0" encoding="UTF-8"?>
<testsuite name="com.webdev.tourapp.Tours.Tour.Application.FindByBasePrice.TourBasePriceMaximumFinderTest" tests="1" skipped="0" failures="0" errors="0" timestamp="2021-10-15T17:51:41" hostname="Castri-Air.local" time="0.509">
  <properties/>
  <testcase name="should_find_tours_for_specified_base_price_maximum()" classname="com.webdev.tourapp.Tours.Tour.Application.FindByBasePrice.TourBasePriceMaximumFinderTest" time="0.509"/>
  <system-out><![CDATA[12:51:38.303 [Test worker] DEBUG org.springframework.test.context.BootstrapUtils - Instantiating CacheAwareContextLoaderDelegate from class [org.springframework.test.context.cache.DefaultCacheAwareContextLoaderDelegate]
12:51:38.315 [Test worker] DEBUG org.springframework.test.context.BootstrapUtils - Instantiating BootstrapContext using constructor [public org.springframework.test.context.support.DefaultBootstrapContext(java.lang.Class,org.springframework.test.context.CacheAwareContextLoaderDelegate)]
12:51:38.367 [Test worker] DEBUG org.springframework.test.context.BootstrapUtils - Instantiating TestContextBootstrapper for test class [com.webdev.tourapp.Tours.Tour.Application.FindByBasePrice.TourBasePriceMaximumFinderTest] from class [org.springframework.boot.test.context.SpringBootTestContextBootstrapper]
12:51:38.385 [Test worker] INFO org.springframework.boot.test.context.SpringBootTestContextBootstrapper - Neither @ContextConfiguration nor @ContextHierarchy found for test class [com.webdev.tourapp.Tours.Tour.Application.FindByBasePrice.TourBasePriceMaximumFinderTest], using SpringBootContextLoader
12:51:38.389 [Test worker] DEBUG org.springframework.test.context.support.AbstractContextLoader - Did not detect default resource location for test class [com.webdev.tourapp.Tours.Tour.Application.FindByBasePrice.TourBasePriceMaximumFinderTest]: class path resource [com/webdev/tourapp/Tours/Tour/Application/FindByBasePrice/TourBasePriceMaximumFinderTest-context.xml] does not exist
12:51:38.391 [Test worker] DEBUG org.springframework.test.context.support.AbstractContextLoader - Did not detect default resource location for test class [com.webdev.tourapp.Tours.Tour.Application.FindByBasePrice.TourBasePriceMaximumFinderTest]: class path resource [com/webdev/tourapp/Tours/Tour/Application/FindByBasePrice/TourBasePriceMaximumFinderTestContext.groovy] does not exist
12:51:38.392 [Test worker] INFO org.springframework.test.context.support.AbstractContextLoader - Could not detect default resource locations for test class [com.webdev.tourapp.Tours.Tour.Application.FindByBasePrice.TourBasePriceMaximumFinderTest]: no resource found for suffixes {-context.xml, Context.groovy}.
12:51:38.392 [Test worker] INFO org.springframework.test.context.support.AnnotationConfigContextLoaderUtils - Could not detect default configuration classes for test class [com.webdev.tourapp.Tours.Tour.Application.FindByBasePrice.TourBasePriceMaximumFinderTest]: TourBasePriceMaximumFinderTest does not declare any static, non-private, non-final, nested classes annotated with @Configuration.
12:51:38.458 [Test worker] DEBUG org.springframework.test.context.support.ActiveProfilesUtils - Could not find an 'annotation declaring class' for annotation type [org.springframework.test.context.ActiveProfiles] and class [com.webdev.tourapp.Tours.Tour.Application.FindByBasePrice.TourBasePriceMaximumFinderTest]
12:51:38.541 [Test worker] DEBUG org.springframework.context.annotation.ClassPathScanningCandidateComponentProvider - Identified candidate component class: file [/Users/cristobalcastrilonbalcazar/TourWebApp/build/classes/java/main/com/webdev/tourapp/TourappApplication.class]
12:51:38.543 [Test worker] INFO org.springframework.boot.test.context.SpringBootTestContextBootstrapper - Found @SpringBootConfiguration com.webdev.tourapp.TourappApplication for test class com.webdev.tourapp.Tours.Tour.Application.FindByBasePrice.TourBasePriceMaximumFinderTest
12:51:38.630 [Test worker] DEBUG org.springframework.boot.test.context.SpringBootTestContextBootstrapper - @TestExecutionListeners is not present for class [com.webdev.tourapp.Tours.Tour.Application.FindByBasePrice.TourBasePriceMaximumFinderTest]: using defaults.
12:51:38.631 [Test worker] INFO org.springframework.boot.test.context.SpringBootTestContextBootstrapper - Loaded default TestExecutionListener class names from location [META-INF/spring.factories]: [org.springframework.boot.test.autoconfigure.restdocs.RestDocsTestExecutionListener, org.springframework.boot.test.autoconfigure.web.client.MockRestServiceServerResetTestExecutionListener, org.springframework.boot.test.autoconfigure.web.servlet.MockMvcPrintOnlyOnFailureTestExecutionListener, org.springframework.boot.test.autoconfigure.web.servlet.WebDriverTestExecutionListener, org.springframework.boot.test.autoconfigure.webservices.client.MockWebServiceServerTestExecutionListener, org.springframework.boot.test.mock.mockito.MockitoTestExecutionListener, org.springframework.boot.test.mock.mockito.ResetMocksTestExecutionListener, org.springframework.test.context.web.ServletTestExecutionListener, org.springframework.test.context.support.DirtiesContextBeforeModesTestExecutionListener, org.springframework.test.context.event.ApplicationEventsTestExecutionListener, org.springframework.test.context.support.DependencyInjectionTestExecutionListener, org.springframework.test.context.support.DirtiesContextTestExecutionListener, org.springframework.test.context.transaction.TransactionalTestExecutionListener, org.springframework.test.context.jdbc.SqlScriptsTestExecutionListener, org.springframework.test.context.event.EventPublishingTestExecutionListener]
12:51:38.640 [Test worker] DEBUG org.springframework.boot.test.context.SpringBootTestContextBootstrapper - Skipping candidate TestExecutionListener [org.springframework.test.context.transaction.TransactionalTestExecutionListener] due to a missing dependency. Specify custom listener classes or make the default listener classes and their required dependencies available. Offending class: [org/springframework/transaction/interceptor/TransactionAttributeSource]
12:51:38.642 [Test worker] DEBUG org.springframework.boot.test.context.SpringBootTestContextBootstrapper - Skipping candidate TestExecutionListener [org.springframework.test.context.jdbc.SqlScriptsTestExecutionListener] due to a missing dependency. Specify custom listener classes or make the default listener classes and their required dependencies available. Offending class: [org/springframework/transaction/interceptor/TransactionAttribute]
12:51:38.642 [Test worker] INFO org.springframework.boot.test.context.SpringBootTestContextBootstrapper - Using TestExecutionListeners: [org.springframework.test.context.web.ServletTestExecutionListener@5230a5d8, org.springframework.test.context.support.DirtiesContextBeforeModesTestExecutionListener@4a2165a2, org.springframework.test.context.event.ApplicationEventsTestExecutionListener@3cc34440, org.springframework.boot.test.mock.mockito.MockitoTestExecutionListener@5edbc436, org.springframework.boot.test.autoconfigure.SpringBootDependencyInjectionTestExecutionListener@992b450, org.springframework.test.context.support.DirtiesContextTestExecutionListener@485fccb5, org.springframework.test.context.event.EventPublishingTestExecutionListener@6e1870ba, org.springframework.boot.test.autoconfigure.restdocs.RestDocsTestExecutionListener@6e62f33b, org.springframework.boot.test.autoconfigure.web.client.MockRestServiceServerResetTestExecutionListener@72ceea93, org.springframework.boot.test.autoconfigure.web.servlet.MockMvcPrintOnlyOnFailureTestExecutionListener@44c2ba1b, org.springframework.boot.test.autoconfigure.web.servlet.WebDriverTestExecutionListener@69f28f99, org.springframework.boot.test.autoconfigure.webservices.client.MockWebServiceServerTestExecutionListener@10f042b7, org.springframework.boot.test.mock.mockito.ResetMocksTestExecutionListener@156fa848]
12:51:38.647 [Test worker] DEBUG org.springframework.test.context.support.AbstractDirtiesContextTestExecutionListener - Before test class: context [DefaultTestContext@3b59e633 testClass = TourBasePriceMaximumFinderTest, testInstance = [null], testMethod = [null], testException = [null], mergedContextConfiguration = [WebMergedContextConfiguration@35d30c5 testClass = TourBasePriceMaximumFinderTest, locations = '{}', classes = '{class com.webdev.tourapp.TourappApplication}', contextInitializerClasses = '[]', activeProfiles = '{}', propertySourceLocations = '{}', propertySourceProperties = '{org.springframework.boot.test.context.SpringBootTestContextBootstrapper=true}', contextCustomizers = set[org.springframework.boot.test.autoconfigure.actuate.metrics.MetricsExportContextCustomizerFactory$DisableMetricExportContextCustomizer@388c9d71, org.springframework.boot.test.autoconfigure.properties.PropertyMappingContextCustomizer@0, org.springframework.boot.test.autoconfigure.web.servlet.WebDriverContextCustomizerFactory$Customizer@5933e7fa, org.springframework.boot.test.context.filter.ExcludeFilterContextCustomizer@76c299fa, org.springframework.boot.test.json.DuplicateJsonObjectContextCustomizerFactory$DuplicateJsonObjectContextCustomizer@73ea8051, org.springframework.boot.test.mock.mockito.MockitoContextCustomizer@0, org.springframework.boot.test.web.client.TestRestTemplateContextCustomizer@c7e8e11, org.springframework.boot.test.context.SpringBootTestArgs@1, org.springframework.boot.test.context.SpringBootTestWebEnvironment@2ef04564], resourceBasePath = 'src/main/webapp', contextLoader = 'org.springframework.boot.test.context.SpringBootContextLoader', parent = [null]], attributes = map['org.springframework.test.context.web.ServletTestExecutionListener.activateListener' -> true]], class annotated with @DirtiesContext [false] with mode [null].
12:51:38.704 [Test worker] DEBUG org.springframework.test.context.support.TestPropertySourceUtils - Adding inlined properties to environment: {spring.jmx.enabled=false, org.springframework.boot.test.context.SpringBootTestContextBootstrapper=true}

  .   ____          _            __ _ _
 /\\ / ___'_ __ _ _(_)_ __  __ _ \ \ \ \
( ( )\___ | '_ | '_| | '_ \/ _` | \ \ \ \
 \\/  ___)| |_)| | | | | || (_| |  ) ) ) )
  '  |____| .__|_| |_|_| |_\__, | / / / /
 =========|_|==============|___/=/_/_/_/
 :: Spring Boot ::                (v2.5.4)

2021-10-15 12:51:39.435  INFO 2194 --- [    Test worker] t.T.T.A.F.TourBasePriceMaximumFinderTest : Starting TourBasePriceMaximumFinderTest using Java 16.0.1 on Castri-Air.local with PID 2194 (started by cristobalcastrilonbalcazar in /Users/cristobalcastrilonbalcazar/TourWebApp)
2021-10-15 12:51:39.440  INFO 2194 --- [    Test worker] t.T.T.A.F.TourBasePriceMaximumFinderTest : No active profile set, falling back to default profiles: default
2021-10-15 12:51:41.824  INFO 2194 --- [    Test worker] t.T.T.A.F.TourBasePriceMaximumFinderTest : Started TourBasePriceMaximumFinderTest in 3.111 seconds (JVM running for 4.644)
]]></system-out>
  <system-err><![CDATA[]]></system-err>
</testsuite>
